<?xml version="1.0" encoding="UTF-8"?>
<robot generator="Robot 7.0 (Python 3.12.3 on win32)" generated="2024-05-30T12:40:14.466901" rpa="false" schemaversion="5">
<suite id="s1" name="Search" source="C:\Users\IBRAHIM\Sanber56-Mobile-Automation-Kelompok10-Quiz2\Suites\search.robot">
<test id="s1-t1" name="Success Search Flight Number" line="19">
<kw name="Run Keywords" owner="BuiltIn" type="SETUP">
<kw name="Open Flight Application" owner="base">
<kw name="Open Application" owner="AppiumLibrary">
<arg>${REMOTE_URL}</arg>
<arg>platformName=${PLATFORM_NAME}</arg>
<arg>platformVersion=${PLATFORM_VERSION}</arg>
<arg>deviceName=${DEVICE_NAME}</arg>
<arg>appPackage=${APP_PACKAGE}</arg>
<arg>appActivity=${APP_ACTIVITY}</arg>
<doc>Opens a new application to given Appium server.
Capabilities of appium server, Android and iOS,
Please check https://github.com/appium/appium/blob/master/docs/en/writing-running-appium/server-args.md
| *Option*            | *Man.* | *Description*     |
| remote_url          | Yes    | Appium server url |
| alias               | no     | alias             |
| strict_ssl          | No     | allows you to send commands to an invalid certificate host like a self-signed one. |</doc>
<status status="PASS" start="2024-05-30T12:40:14.689879" elapsed="7.938654"/>
</kw>
<status status="PASS" start="2024-05-30T12:40:14.689879" elapsed="7.939159"/>
</kw>
<kw name="Login To Test Search Menu" owner="loginPage">
<kw name="Verify Home Screen Appears" owner="homePage">
<kw name="Element Should Be Visible" owner="AppiumLibrary">
<msg time="2024-05-30T12:40:23.609388" level="INFO">xpath criteria: //android.widget.ImageView[@resource-id="com.example.myapplication:id/imageView4"]</msg>
<arg>locator=//android.widget.ImageView[@resource-id="com.example.myapplication:id/imageView4"]</arg>
<doc>Verifies that element identified with locator is visible.</doc>
<status status="PASS" start="2024-05-30T12:40:22.629038" elapsed="0.980350"/>
</kw>
<status status="PASS" start="2024-05-30T12:40:22.629038" elapsed="0.980350"/>
</kw>
<kw name="Click Sign In Button On Home Screen" owner="homePage">
<kw name="Click Element" owner="AppiumLibrary">
<msg time="2024-05-30T12:40:23.610425" level="INFO">Clicking element '//android.widget.Button[@resource-id="com.example.myapplication:id/login"]'.</msg>
<msg time="2024-05-30T12:40:23.715667" level="INFO">xpath criteria: //android.widget.Button[@resource-id="com.example.myapplication:id/login"]</msg>
<arg>locator=//android.widget.Button[@resource-id="com.example.myapplication:id/login"]</arg>
<doc>Click element identified by `locator`.</doc>
<status status="PASS" start="2024-05-30T12:40:23.609388" elapsed="0.106279"/>
</kw>
<status status="PASS" start="2024-05-30T12:40:23.609388" elapsed="0.106279"/>
</kw>
<kw name="Input Username" owner="loginPage">
<kw name="Wait Until Element Is Visible" owner="AppiumLibrary">
<msg time="2024-05-30T12:40:24.413960" level="INFO">xpath criteria: //android.widget.EditText[@resource-id="com.example.myapplication:id/username"]
xpath criteria: //android.widget.EditText[@resource-id="com.example.myapplication:id/username"]</msg>
<arg>${username_input}</arg>
<doc>Waits until element specified with `locator` is visible.</doc>
<status status="PASS" start="2024-05-30T12:40:23.715667" elapsed="0.698293"/>
</kw>
<kw name="Input Text" owner="AppiumLibrary">
<msg time="2024-05-30T12:40:24.414957" level="INFO">Typing text 'support@ngendigital.com' into text field '//android.widget.EditText[@resource-id="com.example.myapplication:id/username"]'</msg>
<msg time="2024-05-30T12:40:24.501849" level="INFO">xpath criteria: //android.widget.EditText[@resource-id="com.example.myapplication:id/username"]</msg>
<arg>${username_input}</arg>
<arg>${username}</arg>
<doc>Types the given `text` into text field identified by `locator`.</doc>
<status status="PASS" start="2024-05-30T12:40:24.413960" elapsed="0.087889"/>
</kw>
<arg>support@ngendigital.com</arg>
<status status="PASS" start="2024-05-30T12:40:23.715667" elapsed="0.786182"/>
</kw>
<kw name="Input User Password" owner="loginPage">
<kw name="Wait Until Element Is Visible" owner="AppiumLibrary">
<msg time="2024-05-30T12:40:25.063344" level="INFO">xpath criteria: //android.widget.EditText[@resource-id="com.example.myapplication:id/password"]</msg>
<arg>${password_input}</arg>
<doc>Waits until element specified with `locator` is visible.</doc>
<status status="PASS" start="2024-05-30T12:40:24.501849" elapsed="0.561495"/>
</kw>
<kw name="Input Text" owner="AppiumLibrary">
<msg time="2024-05-30T12:40:25.064842" level="INFO">Typing text 'abc123' into text field '//android.widget.EditText[@resource-id="com.example.myapplication:id/password"]'</msg>
<msg time="2024-05-30T12:40:25.141600" level="INFO">xpath criteria: //android.widget.EditText[@resource-id="com.example.myapplication:id/password"]</msg>
<arg>${password_input}</arg>
<arg>${password}</arg>
<doc>Types the given `text` into text field identified by `locator`.</doc>
<status status="PASS" start="2024-05-30T12:40:25.063344" elapsed="0.078256"/>
</kw>
<arg>abc123</arg>
<status status="PASS" start="2024-05-30T12:40:24.501849" elapsed="0.639751"/>
</kw>
<kw name="Click Sign In Button On Login Screen" owner="loginPage">
<kw name="Click Element" owner="AppiumLibrary">
<msg time="2024-05-30T12:40:25.143058" level="INFO">Clicking element '//android.widget.Button[@resource-id="com.example.myapplication:id/signIn"]'.</msg>
<msg time="2024-05-30T12:40:25.749854" level="INFO">xpath criteria: //android.widget.Button[@resource-id="com.example.myapplication:id/signIn"]</msg>
<arg>${login_btn}</arg>
<doc>Click element identified by `locator`.</doc>
<status status="PASS" start="2024-05-30T12:40:25.142547" elapsed="0.607307"/>
</kw>
<status status="PASS" start="2024-05-30T12:40:25.141600" elapsed="0.608254"/>
</kw>
<kw name="Verify Success Login" owner="homePage">
<kw name="Wait Until Element Is Visible" owner="AppiumLibrary">
<msg time="2024-05-30T12:40:26.729137" level="INFO">xpath criteria: //android.widget.TextView[@resource-id="com.example.myapplication:id/textView"]
xpath criteria: //android.widget.TextView[@resource-id="com.example.myapplication:id/textView"]</msg>
<arg>locator=//android.widget.TextView[@resource-id="com.example.myapplication:id/textView"]</arg>
<doc>Waits until element specified with `locator` is visible.</doc>
<status status="PASS" start="2024-05-30T12:40:25.750856" elapsed="0.978281"/>
</kw>
<status status="PASS" start="2024-05-30T12:40:25.749854" elapsed="0.979283"/>
</kw>
<kw name="Click Search Menu After Login" owner="homePage">
<kw name="Wait Until Element Is Visible" owner="AppiumLibrary">
<msg time="2024-05-30T12:40:26.833832" level="INFO">xpath criteria: //android.widget.Button[@resource-id="com.example.myapplication:id/search_flight"]</msg>
<arg>locator=//android.widget.Button[@resource-id="com.example.myapplication:id/search_flight"]</arg>
<doc>Waits until element specified with `locator` is visible.</doc>
<status status="PASS" start="2024-05-30T12:40:26.730138" elapsed="0.103694"/>
</kw>
<kw name="Click Element" owner="AppiumLibrary">
<msg time="2024-05-30T12:40:26.835827" level="INFO">Clicking element '//android.widget.Button[@resource-id="com.example.myapplication:id/search_flight"]'.</msg>
<msg time="2024-05-30T12:40:26.968033" level="INFO">xpath criteria: //android.widget.Button[@resource-id="com.example.myapplication:id/search_flight"]</msg>
<arg>locator=//android.widget.Button[@resource-id="com.example.myapplication:id/search_flight"]</arg>
<doc>Click element identified by `locator`.</doc>
<status status="PASS" start="2024-05-30T12:40:26.833832" elapsed="0.134201"/>
</kw>
<status status="PASS" start="2024-05-30T12:40:26.730138" elapsed="0.238408"/>
</kw>
<arg>username=support@ngendigital.com</arg>
<arg>password=abc123</arg>
<status status="PASS" start="2024-05-30T12:40:22.629038" elapsed="4.339508"/>
</kw>
<arg>Open Flight Application</arg>
<arg>AND</arg>
<arg>Login To Test Search Menu</arg>
<arg>username=support@ngendigital.com</arg>
<arg>password=abc123</arg>
<doc>Executes all the given keywords in a sequence.</doc>
<status status="PASS" start="2024-05-30T12:40:14.689879" elapsed="12.278667"/>
</kw>
<kw name="Input Flight Number" owner="searchPage">
<kw name="Wait Until Element Is Visible" owner="AppiumLibrary">
<msg time="2024-05-30T12:40:28.124972" level="INFO">xpath criteria: //android.widget.EditText[@resource-id="com.example.myapplication:id/flight_number"]
xpath criteria: //android.widget.EditText[@resource-id="com.example.myapplication:id/flight_number"]</msg>
<arg>locator=${flightnumber_input}</arg>
<doc>Waits until element specified with `locator` is visible.</doc>
<status status="PASS" start="2024-05-30T12:40:26.970576" elapsed="1.154396"/>
</kw>
<kw name="Input Text" owner="AppiumLibrary">
<msg time="2024-05-30T12:40:28.127987" level="INFO">Typing text 'DA935' into text field '//android.widget.EditText[@resource-id="com.example.myapplication:id/flight_number"]'</msg>
<msg time="2024-05-30T12:40:28.253380" level="INFO">xpath criteria: //android.widget.EditText[@resource-id="com.example.myapplication:id/flight_number"]</msg>
<arg>locator=${flightnumber_input}</arg>
<arg>text=${flightnumber}</arg>
<doc>Types the given `text` into text field identified by `locator`.</doc>
<status status="PASS" start="2024-05-30T12:40:28.125973" elapsed="0.127407"/>
</kw>
<arg>${VALIDFLIGHTNUMBER}</arg>
<status status="PASS" start="2024-05-30T12:40:26.970063" elapsed="1.283822"/>
</kw>
<kw name="Click Search Button On Searh Page" owner="searchPage">
<kw name="Click Element" owner="AppiumLibrary">
<msg time="2024-05-30T12:40:28.258963" level="INFO">Clicking element '//android.widget.Button[@resource-id="com.example.myapplication:id/searchFlight"]'.</msg>
<msg time="2024-05-30T12:40:28.866714" level="INFO">xpath criteria: //android.widget.Button[@resource-id="com.example.myapplication:id/searchFlight"]</msg>
<arg>locator=${searchflightnumber_btn}</arg>
<doc>Click element identified by `locator`.</doc>
<status status="PASS" start="2024-05-30T12:40:28.254889" elapsed="0.611825"/>
</kw>
<status status="PASS" start="2024-05-30T12:40:28.253885" elapsed="0.612829"/>
</kw>
<kw name="Verify Success Search Flight Number" owner="searchPage">
<kw name="Wait Until Element Is Visible" owner="AppiumLibrary">
<msg time="2024-05-30T12:40:29.802947" level="INFO">xpath criteria: //android.widget.TextView[@text="Schedule"]
xpath criteria: //android.widget.TextView[@text="Schedule"]</msg>
<arg>locator=${sucesssearchflightnumber}</arg>
<doc>Waits until element specified with `locator` is visible.</doc>
<status status="PASS" start="2024-05-30T12:40:28.868724" elapsed="0.934728"/>
</kw>
<status status="PASS" start="2024-05-30T12:40:28.868724" elapsed="0.934728"/>
</kw>
<kw name="Close Flight Application" owner="base" type="TEARDOWN">
<kw name="Close Application" owner="AppiumLibrary">
<doc>Closes the current application and also close webdriver session.</doc>
<status status="PASS" start="2024-05-30T12:40:29.816521" elapsed="0.992497"/>
</kw>
<status status="PASS" start="2024-05-30T12:40:29.815976" elapsed="0.993042"/>
</kw>
<status status="PASS" start="2024-05-30T12:40:14.689879" elapsed="16.119649"/>
</test>
<test id="s1-t2" name="Unsuccess Search Flight Number With Wrong Number" line="24">
<kw name="Run Keywords" owner="BuiltIn" type="SETUP">
<kw name="Open Flight Application" owner="base">
<kw name="Open Application" owner="AppiumLibrary">
<arg>${REMOTE_URL}</arg>
<arg>platformName=${PLATFORM_NAME}</arg>
<arg>platformVersion=${PLATFORM_VERSION}</arg>
<arg>deviceName=${DEVICE_NAME}</arg>
<arg>appPackage=${APP_PACKAGE}</arg>
<arg>appActivity=${APP_ACTIVITY}</arg>
<doc>Opens a new application to given Appium server.
Capabilities of appium server, Android and iOS,
Please check https://github.com/appium/appium/blob/master/docs/en/writing-running-appium/server-args.md
| *Option*            | *Man.* | *Description*     |
| remote_url          | Yes    | Appium server url |
| alias               | no     | alias             |
| strict_ssl          | No     | allows you to send commands to an invalid certificate host like a self-signed one. |</doc>
<status status="PASS" start="2024-05-30T12:40:30.811047" elapsed="8.254504"/>
</kw>
<status status="PASS" start="2024-05-30T12:40:30.811047" elapsed="8.254504"/>
</kw>
<kw name="Login To Test Search Menu" owner="loginPage">
<kw name="Verify Home Screen Appears" owner="homePage">
<kw name="Element Should Be Visible" owner="AppiumLibrary">
<msg time="2024-05-30T12:40:40.135124" level="INFO">xpath criteria: //android.widget.ImageView[@resource-id="com.example.myapplication:id/imageView4"]</msg>
<arg>locator=//android.widget.ImageView[@resource-id="com.example.myapplication:id/imageView4"]</arg>
<doc>Verifies that element identified with locator is visible.</doc>
<status status="PASS" start="2024-05-30T12:40:39.066555" elapsed="1.068569"/>
</kw>
<status status="PASS" start="2024-05-30T12:40:39.065551" elapsed="1.069573"/>
</kw>
<kw name="Click Sign In Button On Home Screen" owner="homePage">
<kw name="Click Element" owner="AppiumLibrary">
<msg time="2024-05-30T12:40:40.137134" level="INFO">Clicking element '//android.widget.Button[@resource-id="com.example.myapplication:id/login"]'.</msg>
<msg time="2024-05-30T12:40:40.248631" level="INFO">xpath criteria: //android.widget.Button[@resource-id="com.example.myapplication:id/login"]</msg>
<arg>locator=//android.widget.Button[@resource-id="com.example.myapplication:id/login"]</arg>
<doc>Click element identified by `locator`.</doc>
<status status="PASS" start="2024-05-30T12:40:40.135124" elapsed="0.113507"/>
</kw>
<status status="PASS" start="2024-05-30T12:40:40.135124" elapsed="0.113507"/>
</kw>
<kw name="Input Username" owner="loginPage">
<kw name="Wait Until Element Is Visible" owner="AppiumLibrary">
<msg time="2024-05-30T12:40:41.042909" level="INFO">xpath criteria: //android.widget.EditText[@resource-id="com.example.myapplication:id/username"]
xpath criteria: //android.widget.EditText[@resource-id="com.example.myapplication:id/username"]</msg>
<arg>${username_input}</arg>
<doc>Waits until element specified with `locator` is visible.</doc>
<status status="PASS" start="2024-05-30T12:40:40.249644" elapsed="0.793265"/>
</kw>
<kw name="Input Text" owner="AppiumLibrary">
<msg time="2024-05-30T12:40:41.045419" level="INFO">Typing text 'support@ngendigital.com' into text field '//android.widget.EditText[@resource-id="com.example.myapplication:id/username"]'</msg>
<msg time="2024-05-30T12:40:41.162184" level="INFO">xpath criteria: //android.widget.EditText[@resource-id="com.example.myapplication:id/username"]</msg>
<arg>${username_input}</arg>
<arg>${username}</arg>
<doc>Types the given `text` into text field identified by `locator`.</doc>
<status status="PASS" start="2024-05-30T12:40:41.042909" elapsed="0.119275"/>
</kw>
<arg>support@ngendigital.com</arg>
<status status="PASS" start="2024-05-30T12:40:40.248631" elapsed="0.913553"/>
</kw>
<kw name="Input User Password" owner="loginPage">
<kw name="Wait Until Element Is Visible" owner="AppiumLibrary">
<msg time="2024-05-30T12:40:41.731506" level="INFO">xpath criteria: //android.widget.EditText[@resource-id="com.example.myapplication:id/password"]</msg>
<arg>${password_input}</arg>
<doc>Waits until element specified with `locator` is visible.</doc>
<status status="PASS" start="2024-05-30T12:40:41.162184" elapsed="0.569322"/>
</kw>
<kw name="Input Text" owner="AppiumLibrary">
<msg time="2024-05-30T12:40:41.734709" level="INFO">Typing text 'abc123' into text field '//android.widget.EditText[@resource-id="com.example.myapplication:id/password"]'</msg>
<msg time="2024-05-30T12:40:41.838860" level="INFO">xpath criteria: //android.widget.EditText[@resource-id="com.example.myapplication:id/password"]</msg>
<arg>${password_input}</arg>
<arg>${password}</arg>
<doc>Types the given `text` into text field identified by `locator`.</doc>
<status status="PASS" start="2024-05-30T12:40:41.732518" elapsed="0.106342"/>
</kw>
<arg>abc123</arg>
<status status="PASS" start="2024-05-30T12:40:41.162184" elapsed="0.676676"/>
</kw>
<kw name="Click Sign In Button On Login Screen" owner="loginPage">
<kw name="Click Element" owner="AppiumLibrary">
<msg time="2024-05-30T12:40:41.842375" level="INFO">Clicking element '//android.widget.Button[@resource-id="com.example.myapplication:id/signIn"]'.</msg>
<msg time="2024-05-30T12:40:42.415180" level="INFO">xpath criteria: //android.widget.Button[@resource-id="com.example.myapplication:id/signIn"]</msg>
<arg>${login_btn}</arg>
<doc>Click element identified by `locator`.</doc>
<status status="PASS" start="2024-05-30T12:40:41.838860" elapsed="0.576320"/>
</kw>
<status status="PASS" start="2024-05-30T12:40:41.838860" elapsed="0.576320"/>
</kw>
<kw name="Verify Success Login" owner="homePage">
<kw name="Wait Until Element Is Visible" owner="AppiumLibrary">
<msg time="2024-05-30T12:40:43.085474" level="INFO">xpath criteria: //android.widget.TextView[@resource-id="com.example.myapplication:id/textView"]
xpath criteria: //android.widget.TextView[@resource-id="com.example.myapplication:id/textView"]</msg>
<arg>locator=//android.widget.TextView[@resource-id="com.example.myapplication:id/textView"]</arg>
<doc>Waits until element specified with `locator` is visible.</doc>
<status status="PASS" start="2024-05-30T12:40:42.416690" elapsed="0.668784"/>
</kw>
<status status="PASS" start="2024-05-30T12:40:42.416690" elapsed="0.668784"/>
</kw>
<kw name="Click Search Menu After Login" owner="homePage">
<kw name="Wait Until Element Is Visible" owner="AppiumLibrary">
<msg time="2024-05-30T12:40:43.152426" level="INFO">xpath criteria: //android.widget.Button[@resource-id="com.example.myapplication:id/search_flight"]</msg>
<arg>locator=//android.widget.Button[@resource-id="com.example.myapplication:id/search_flight"]</arg>
<doc>Waits until element specified with `locator` is visible.</doc>
<status status="PASS" start="2024-05-30T12:40:43.085474" elapsed="0.067957"/>
</kw>
<kw name="Click Element" owner="AppiumLibrary">
<msg time="2024-05-30T12:40:43.155439" level="INFO">Clicking element '//android.widget.Button[@resource-id="com.example.myapplication:id/search_flight"]'.</msg>
<msg time="2024-05-30T12:40:43.263746" level="INFO">xpath criteria: //android.widget.Button[@resource-id="com.example.myapplication:id/search_flight"]</msg>
<arg>locator=//android.widget.Button[@resource-id="com.example.myapplication:id/search_flight"]</arg>
<doc>Click element identified by `locator`.</doc>
<status status="PASS" start="2024-05-30T12:40:43.153431" elapsed="0.111309"/>
</kw>
<status status="PASS" start="2024-05-30T12:40:43.085474" elapsed="0.179266"/>
</kw>
<arg>username=support@ngendigital.com</arg>
<arg>password=abc123</arg>
<status status="PASS" start="2024-05-30T12:40:39.065551" elapsed="4.199189"/>
</kw>
<arg>Open Flight Application</arg>
<arg>AND</arg>
<arg>Login To Test Search Menu</arg>
<arg>username=support@ngendigital.com</arg>
<arg>password=abc123</arg>
<doc>Executes all the given keywords in a sequence.</doc>
<status status="PASS" start="2024-05-30T12:40:30.810040" elapsed="12.454700"/>
</kw>
<kw name="Input Flight Number" owner="searchPage">
<kw name="Wait Until Element Is Visible" owner="AppiumLibrary">
<msg time="2024-05-30T12:40:44.413713" level="INFO">xpath criteria: //android.widget.EditText[@resource-id="com.example.myapplication:id/flight_number"]
xpath criteria: //android.widget.EditText[@resource-id="com.example.myapplication:id/flight_number"]</msg>
<arg>locator=${flightnumber_input}</arg>
<doc>Waits until element specified with `locator` is visible.</doc>
<status status="PASS" start="2024-05-30T12:40:43.265246" elapsed="1.148467"/>
</kw>
<kw name="Input Text" owner="AppiumLibrary">
<msg time="2024-05-30T12:40:44.414712" level="INFO">Typing text 'ABC123' into text field '//android.widget.EditText[@resource-id="com.example.myapplication:id/flight_number"]'</msg>
<msg time="2024-05-30T12:40:44.503806" level="INFO">xpath criteria: //android.widget.EditText[@resource-id="com.example.myapplication:id/flight_number"]</msg>
<arg>locator=${flightnumber_input}</arg>
<arg>text=${flightnumber}</arg>
<doc>Types the given `text` into text field identified by `locator`.</doc>
<status status="PASS" start="2024-05-30T12:40:44.413713" elapsed="0.090093"/>
</kw>
<arg>${INVALIDFLIGHTNUMBER}</arg>
<status status="PASS" start="2024-05-30T12:40:43.265246" elapsed="1.238560"/>
</kw>
<kw name="Click Search Button On Searh Page" owner="searchPage">
<kw name="Click Element" owner="AppiumLibrary">
<msg time="2024-05-30T12:40:44.507660" level="INFO">Clicking element '//android.widget.Button[@resource-id="com.example.myapplication:id/searchFlight"]'.</msg>
<msg time="2024-05-30T12:40:45.083108" level="INFO">xpath criteria: //android.widget.Button[@resource-id="com.example.myapplication:id/searchFlight"]</msg>
<arg>locator=${searchflightnumber_btn}</arg>
<doc>Click element identified by `locator`.</doc>
<status status="PASS" start="2024-05-30T12:40:44.504641" elapsed="0.578467"/>
</kw>
<status status="PASS" start="2024-05-30T12:40:44.504641" elapsed="0.578467"/>
</kw>
<kw name="Wait Until Page Contains" owner="AppiumLibrary">
<arg>${ALERT_TEXT}</arg>
<doc>Waits until `text` appears on current page.</doc>
<status status="PASS" start="2024-05-30T12:40:45.083108" elapsed="0.094944"/>
</kw>
<kw name="Close Flight Application" owner="base" type="TEARDOWN">
<kw name="Close Application" owner="AppiumLibrary">
<doc>Closes the current application and also close webdriver session.</doc>
<status status="PASS" start="2024-05-30T12:40:45.179064" elapsed="0.888520"/>
</kw>
<status status="PASS" start="2024-05-30T12:40:45.179064" elapsed="0.888520"/>
</kw>
<status status="PASS" start="2024-05-30T12:40:30.810040" elapsed="15.257544"/>
</test>
<test id="s1-t3" name="Unsuccess Search Flight Number With Incorrect Uppercase And Lowercase letters" line="29">
<kw name="Run Keywords" owner="BuiltIn" type="SETUP">
<kw name="Open Flight Application" owner="base">
<kw name="Open Application" owner="AppiumLibrary">
<arg>${REMOTE_URL}</arg>
<arg>platformName=${PLATFORM_NAME}</arg>
<arg>platformVersion=${PLATFORM_VERSION}</arg>
<arg>deviceName=${DEVICE_NAME}</arg>
<arg>appPackage=${APP_PACKAGE}</arg>
<arg>appActivity=${APP_ACTIVITY}</arg>
<doc>Opens a new application to given Appium server.
Capabilities of appium server, Android and iOS,
Please check https://github.com/appium/appium/blob/master/docs/en/writing-running-appium/server-args.md
| *Option*            | *Man.* | *Description*     |
| remote_url          | Yes    | Appium server url |
| alias               | no     | alias             |
| strict_ssl          | No     | allows you to send commands to an invalid certificate host like a self-signed one. |</doc>
<status status="PASS" start="2024-05-30T12:40:46.070597" elapsed="8.232168"/>
</kw>
<status status="PASS" start="2024-05-30T12:40:46.069089" elapsed="8.233676"/>
</kw>
<kw name="Login To Test Search Menu" owner="loginPage">
<kw name="Verify Home Screen Appears" owner="homePage">
<kw name="Element Should Be Visible" owner="AppiumLibrary">
<msg time="2024-05-30T12:40:55.343468" level="INFO">xpath criteria: //android.widget.ImageView[@resource-id="com.example.myapplication:id/imageView4"]</msg>
<arg>locator=//android.widget.ImageView[@resource-id="com.example.myapplication:id/imageView4"]</arg>
<doc>Verifies that element identified with locator is visible.</doc>
<status status="PASS" start="2024-05-30T12:40:54.303766" elapsed="1.039702"/>
</kw>
<status status="PASS" start="2024-05-30T12:40:54.303766" elapsed="1.039702"/>
</kw>
<kw name="Click Sign In Button On Home Screen" owner="homePage">
<kw name="Click Element" owner="AppiumLibrary">
<msg time="2024-05-30T12:40:55.345972" level="INFO">Clicking element '//android.widget.Button[@resource-id="com.example.myapplication:id/login"]'.</msg>
<msg time="2024-05-30T12:40:55.552383" level="INFO">xpath criteria: //android.widget.Button[@resource-id="com.example.myapplication:id/login"]</msg>
<arg>locator=//android.widget.Button[@resource-id="com.example.myapplication:id/login"]</arg>
<doc>Click element identified by `locator`.</doc>
<status status="PASS" start="2024-05-30T12:40:55.344462" elapsed="0.207921"/>
</kw>
<status status="PASS" start="2024-05-30T12:40:55.344462" elapsed="0.208425"/>
</kw>
<kw name="Input Username" owner="loginPage">
<kw name="Wait Until Element Is Visible" owner="AppiumLibrary">
<msg time="2024-05-30T12:40:56.352389" level="INFO">xpath criteria: //android.widget.EditText[@resource-id="com.example.myapplication:id/username"]
xpath criteria: //android.widget.EditText[@resource-id="com.example.myapplication:id/username"]</msg>
<arg>${username_input}</arg>
<doc>Waits until element specified with `locator` is visible.</doc>
<status status="PASS" start="2024-05-30T12:40:55.552887" elapsed="0.799502"/>
</kw>
<kw name="Input Text" owner="AppiumLibrary">
<msg time="2024-05-30T12:40:56.356372" level="INFO">Typing text 'support@ngendigital.com' into text field '//android.widget.EditText[@resource-id="com.example.myapplication:id/username"]'</msg>
<msg time="2024-05-30T12:40:56.481826" level="INFO">xpath criteria: //android.widget.EditText[@resource-id="com.example.myapplication:id/username"]</msg>
<arg>${username_input}</arg>
<arg>${username}</arg>
<doc>Types the given `text` into text field identified by `locator`.</doc>
<status status="PASS" start="2024-05-30T12:40:56.352389" elapsed="0.129437"/>
</kw>
<arg>support@ngendigital.com</arg>
<status status="PASS" start="2024-05-30T12:40:55.552887" elapsed="0.929938"/>
</kw>
<kw name="Input User Password" owner="loginPage">
<kw name="Wait Until Element Is Visible" owner="AppiumLibrary">
<msg time="2024-05-30T12:40:57.030357" level="INFO">xpath criteria: //android.widget.EditText[@resource-id="com.example.myapplication:id/password"]</msg>
<arg>${password_input}</arg>
<doc>Waits until element specified with `locator` is visible.</doc>
<status status="PASS" start="2024-05-30T12:40:56.482825" elapsed="0.547532"/>
</kw>
<kw name="Input Text" owner="AppiumLibrary">
<msg time="2024-05-30T12:40:57.032359" level="INFO">Typing text 'abc123' into text field '//android.widget.EditText[@resource-id="com.example.myapplication:id/password"]'</msg>
<msg time="2024-05-30T12:40:57.104557" level="INFO">xpath criteria: //android.widget.EditText[@resource-id="com.example.myapplication:id/password"]</msg>
<arg>${password_input}</arg>
<arg>${password}</arg>
<doc>Types the given `text` into text field identified by `locator`.</doc>
<status status="PASS" start="2024-05-30T12:40:57.030357" elapsed="0.074200"/>
</kw>
<arg>abc123</arg>
<status status="PASS" start="2024-05-30T12:40:56.482825" elapsed="0.621732"/>
</kw>
<kw name="Click Sign In Button On Login Screen" owner="loginPage">
<kw name="Click Element" owner="AppiumLibrary">
<msg time="2024-05-30T12:40:57.107648" level="INFO">Clicking element '//android.widget.Button[@resource-id="com.example.myapplication:id/signIn"]'.</msg>
<msg time="2024-05-30T12:40:57.633282" level="INFO">xpath criteria: //android.widget.Button[@resource-id="com.example.myapplication:id/signIn"]</msg>
<arg>${login_btn}</arg>
<doc>Click element identified by `locator`.</doc>
<status status="PASS" start="2024-05-30T12:40:57.104557" elapsed="0.528725"/>
</kw>
<status status="PASS" start="2024-05-30T12:40:57.104557" elapsed="0.528725"/>
</kw>
<kw name="Verify Success Login" owner="homePage">
<kw name="Wait Until Element Is Visible" owner="AppiumLibrary">
<msg time="2024-05-30T12:40:58.291902" level="INFO">xpath criteria: //android.widget.TextView[@resource-id="com.example.myapplication:id/textView"]
xpath criteria: //android.widget.TextView[@resource-id="com.example.myapplication:id/textView"]</msg>
<arg>locator=//android.widget.TextView[@resource-id="com.example.myapplication:id/textView"]</arg>
<doc>Waits until element specified with `locator` is visible.</doc>
<status status="PASS" start="2024-05-30T12:40:57.634284" elapsed="0.657618"/>
</kw>
<status status="PASS" start="2024-05-30T12:40:57.634284" elapsed="0.657618"/>
</kw>
<kw name="Click Search Menu After Login" owner="homePage">
<kw name="Wait Until Element Is Visible" owner="AppiumLibrary">
<msg time="2024-05-30T12:40:58.363055" level="INFO">xpath criteria: //android.widget.Button[@resource-id="com.example.myapplication:id/search_flight"]</msg>
<arg>locator=//android.widget.Button[@resource-id="com.example.myapplication:id/search_flight"]</arg>
<doc>Waits until element specified with `locator` is visible.</doc>
<status status="PASS" start="2024-05-30T12:40:58.292409" elapsed="0.070646"/>
</kw>
<kw name="Click Element" owner="AppiumLibrary">
<msg time="2024-05-30T12:40:58.364481" level="INFO">Clicking element '//android.widget.Button[@resource-id="com.example.myapplication:id/search_flight"]'.</msg>
<msg time="2024-05-30T12:40:58.464522" level="INFO">xpath criteria: //android.widget.Button[@resource-id="com.example.myapplication:id/search_flight"]</msg>
<arg>locator=//android.widget.Button[@resource-id="com.example.myapplication:id/search_flight"]</arg>
<doc>Click element identified by `locator`.</doc>
<status status="PASS" start="2024-05-30T12:40:58.363474" elapsed="0.101048"/>
</kw>
<status status="PASS" start="2024-05-30T12:40:58.291902" elapsed="0.172620"/>
</kw>
<arg>username=support@ngendigital.com</arg>
<arg>password=abc123</arg>
<status status="PASS" start="2024-05-30T12:40:54.302765" elapsed="4.163115"/>
</kw>
<arg>Open Flight Application</arg>
<arg>AND</arg>
<arg>Login To Test Search Menu</arg>
<arg>username=support@ngendigital.com</arg>
<arg>password=abc123</arg>
<doc>Executes all the given keywords in a sequence.</doc>
<status status="PASS" start="2024-05-30T12:40:46.069089" elapsed="12.396791"/>
</kw>
<kw name="Input Flight Number" owner="searchPage">
<kw name="Wait Until Element Is Visible" owner="AppiumLibrary">
<msg time="2024-05-30T12:40:59.385082" level="INFO">xpath criteria: //android.widget.EditText[@resource-id="com.example.myapplication:id/flight_number"]
xpath criteria: //android.widget.EditText[@resource-id="com.example.myapplication:id/flight_number"]</msg>
<arg>locator=${flightnumber_input}</arg>
<doc>Waits until element specified with `locator` is visible.</doc>
<status status="PASS" start="2024-05-30T12:40:58.466396" elapsed="0.918686"/>
</kw>
<kw name="Input Text" owner="AppiumLibrary">
<msg time="2024-05-30T12:40:59.386089" level="INFO">Typing text 'da935' into text field '//android.widget.EditText[@resource-id="com.example.myapplication:id/flight_number"]'</msg>
<msg time="2024-05-30T12:40:59.476318" level="INFO">xpath criteria: //android.widget.EditText[@resource-id="com.example.myapplication:id/flight_number"]</msg>
<arg>locator=${flightnumber_input}</arg>
<arg>text=${flightnumber}</arg>
<doc>Types the given `text` into text field identified by `locator`.</doc>
<status status="PASS" start="2024-05-30T12:40:59.385082" elapsed="0.091236"/>
</kw>
<arg>${VALIDFLIGHTNUMBERWITHWORNGUPPERANDLOWERLETTERS}</arg>
<status status="PASS" start="2024-05-30T12:40:58.466396" elapsed="1.009922"/>
</kw>
<kw name="Click Search Button On Searh Page" owner="searchPage">
<kw name="Click Element" owner="AppiumLibrary">
<msg time="2024-05-30T12:40:59.480838" level="INFO">Clicking element '//android.widget.Button[@resource-id="com.example.myapplication:id/searchFlight"]'.</msg>
<msg time="2024-05-30T12:41:00.013901" level="INFO">xpath criteria: //android.widget.Button[@resource-id="com.example.myapplication:id/searchFlight"]</msg>
<arg>locator=${searchflightnumber_btn}</arg>
<doc>Click element identified by `locator`.</doc>
<status status="PASS" start="2024-05-30T12:40:59.477825" elapsed="0.536076"/>
</kw>
<status status="PASS" start="2024-05-30T12:40:59.476824" elapsed="0.537077"/>
</kw>
<kw name="Wait Until Page Contains" owner="AppiumLibrary">
<arg>${ALERT_TEXT}</arg>
<doc>Waits until `text` appears on current page.</doc>
<status status="PASS" start="2024-05-30T12:41:00.015408" elapsed="0.113161"/>
</kw>
<kw name="Close Flight Application" owner="base" type="TEARDOWN">
<kw name="Close Application" owner="AppiumLibrary">
<doc>Closes the current application and also close webdriver session.</doc>
<status status="PASS" start="2024-05-30T12:41:00.129572" elapsed="0.565979"/>
</kw>
<status status="PASS" start="2024-05-30T12:41:00.129572" elapsed="0.565979"/>
</kw>
<status status="PASS" start="2024-05-30T12:40:46.069089" elapsed="14.627459"/>
</test>
<test id="s1-t4" name="Unsuccess Search Flight Number With Empty Flight Number" line="34">
<kw name="Run Keywords" owner="BuiltIn" type="SETUP">
<kw name="Open Flight Application" owner="base">
<kw name="Open Application" owner="AppiumLibrary">
<arg>${REMOTE_URL}</arg>
<arg>platformName=${PLATFORM_NAME}</arg>
<arg>platformVersion=${PLATFORM_VERSION}</arg>
<arg>deviceName=${DEVICE_NAME}</arg>
<arg>appPackage=${APP_PACKAGE}</arg>
<arg>appActivity=${APP_ACTIVITY}</arg>
<doc>Opens a new application to given Appium server.
Capabilities of appium server, Android and iOS,
Please check https://github.com/appium/appium/blob/master/docs/en/writing-running-appium/server-args.md
| *Option*            | *Man.* | *Description*     |
| remote_url          | Yes    | Appium server url |
| alias               | no     | alias             |
| strict_ssl          | No     | allows you to send commands to an invalid certificate host like a self-signed one. |</doc>
<status status="PASS" start="2024-05-30T12:41:00.698058" elapsed="6.655126"/>
</kw>
<status status="PASS" start="2024-05-30T12:41:00.698058" elapsed="6.655126"/>
</kw>
<kw name="Login To Test Search Menu" owner="loginPage">
<kw name="Verify Home Screen Appears" owner="homePage">
<kw name="Element Should Be Visible" owner="AppiumLibrary">
<msg time="2024-05-30T12:41:08.368130" level="INFO">xpath criteria: //android.widget.ImageView[@resource-id="com.example.myapplication:id/imageView4"]</msg>
<arg>locator=//android.widget.ImageView[@resource-id="com.example.myapplication:id/imageView4"]</arg>
<doc>Verifies that element identified with locator is visible.</doc>
<status status="PASS" start="2024-05-30T12:41:07.354184" elapsed="1.013946"/>
</kw>
<status status="PASS" start="2024-05-30T12:41:07.354184" elapsed="1.013946"/>
</kw>
<kw name="Click Sign In Button On Home Screen" owner="homePage">
<kw name="Click Element" owner="AppiumLibrary">
<msg time="2024-05-30T12:41:08.369738" level="INFO">Clicking element '//android.widget.Button[@resource-id="com.example.myapplication:id/login"]'.</msg>
<msg time="2024-05-30T12:41:08.482846" level="INFO">xpath criteria: //android.widget.Button[@resource-id="com.example.myapplication:id/login"]</msg>
<arg>locator=//android.widget.Button[@resource-id="com.example.myapplication:id/login"]</arg>
<doc>Click element identified by `locator`.</doc>
<status status="PASS" start="2024-05-30T12:41:08.368673" elapsed="0.114173"/>
</kw>
<status status="PASS" start="2024-05-30T12:41:08.368130" elapsed="0.114716"/>
</kw>
<kw name="Input Username" owner="loginPage">
<kw name="Wait Until Element Is Visible" owner="AppiumLibrary">
<msg time="2024-05-30T12:41:09.246808" level="INFO">xpath criteria: //android.widget.EditText[@resource-id="com.example.myapplication:id/username"]
xpath criteria: //android.widget.EditText[@resource-id="com.example.myapplication:id/username"]</msg>
<arg>${username_input}</arg>
<doc>Waits until element specified with `locator` is visible.</doc>
<status status="PASS" start="2024-05-30T12:41:08.484356" elapsed="0.762452"/>
</kw>
<kw name="Input Text" owner="AppiumLibrary">
<msg time="2024-05-30T12:41:09.248377" level="INFO">Typing text 'support@ngendigital.com' into text field '//android.widget.EditText[@resource-id="com.example.myapplication:id/username"]'</msg>
<msg time="2024-05-30T12:41:09.335586" level="INFO">xpath criteria: //android.widget.EditText[@resource-id="com.example.myapplication:id/username"]</msg>
<arg>${username_input}</arg>
<arg>${username}</arg>
<doc>Types the given `text` into text field identified by `locator`.</doc>
<status status="PASS" start="2024-05-30T12:41:09.246808" elapsed="0.088778"/>
</kw>
<arg>support@ngendigital.com</arg>
<status status="PASS" start="2024-05-30T12:41:08.482846" elapsed="0.852740"/>
</kw>
<kw name="Input User Password" owner="loginPage">
<kw name="Wait Until Element Is Visible" owner="AppiumLibrary">
<msg time="2024-05-30T12:41:09.888363" level="INFO">xpath criteria: //android.widget.EditText[@resource-id="com.example.myapplication:id/password"]</msg>
<arg>${password_input}</arg>
<doc>Waits until element specified with `locator` is visible.</doc>
<status status="PASS" start="2024-05-30T12:41:09.335586" elapsed="0.552777"/>
</kw>
<kw name="Input Text" owner="AppiumLibrary">
<msg time="2024-05-30T12:41:09.889870" level="INFO">Typing text 'abc123' into text field '//android.widget.EditText[@resource-id="com.example.myapplication:id/password"]'</msg>
<msg time="2024-05-30T12:41:09.959358" level="INFO">xpath criteria: //android.widget.EditText[@resource-id="com.example.myapplication:id/password"]</msg>
<arg>${password_input}</arg>
<arg>${password}</arg>
<doc>Types the given `text` into text field identified by `locator`.</doc>
<status status="PASS" start="2024-05-30T12:41:09.888363" elapsed="0.070995"/>
</kw>
<arg>abc123</arg>
<status status="PASS" start="2024-05-30T12:41:09.335586" elapsed="0.623772"/>
</kw>
<kw name="Click Sign In Button On Login Screen" owner="loginPage">
<kw name="Click Element" owner="AppiumLibrary">
<msg time="2024-05-30T12:41:09.962755" level="INFO">Clicking element '//android.widget.Button[@resource-id="com.example.myapplication:id/signIn"]'.</msg>
<msg time="2024-05-30T12:41:10.551269" level="INFO">xpath criteria: //android.widget.Button[@resource-id="com.example.myapplication:id/signIn"]</msg>
<arg>${login_btn}</arg>
<doc>Click element identified by `locator`.</doc>
<status status="PASS" start="2024-05-30T12:41:09.960743" elapsed="0.590526"/>
</kw>
<status status="PASS" start="2024-05-30T12:41:09.959358" elapsed="0.591911"/>
</kw>
<kw name="Verify Success Login" owner="homePage">
<kw name="Wait Until Element Is Visible" owner="AppiumLibrary">
<msg time="2024-05-30T12:41:11.225147" level="INFO">xpath criteria: //android.widget.TextView[@resource-id="com.example.myapplication:id/textView"]
xpath criteria: //android.widget.TextView[@resource-id="com.example.myapplication:id/textView"]</msg>
<arg>locator=//android.widget.TextView[@resource-id="com.example.myapplication:id/textView"]</arg>
<doc>Waits until element specified with `locator` is visible.</doc>
<status status="PASS" start="2024-05-30T12:41:10.552778" elapsed="0.672369"/>
</kw>
<status status="PASS" start="2024-05-30T12:41:10.552778" elapsed="0.672369"/>
</kw>
<kw name="Click Search Menu After Login" owner="homePage">
<kw name="Wait Until Element Is Visible" owner="AppiumLibrary">
<msg time="2024-05-30T12:41:11.297673" level="INFO">xpath criteria: //android.widget.Button[@resource-id="com.example.myapplication:id/search_flight"]</msg>
<arg>locator=//android.widget.Button[@resource-id="com.example.myapplication:id/search_flight"]</arg>
<doc>Waits until element specified with `locator` is visible.</doc>
<status status="PASS" start="2024-05-30T12:41:11.226154" elapsed="0.071519"/>
</kw>
<kw name="Click Element" owner="AppiumLibrary">
<msg time="2024-05-30T12:41:11.299180" level="INFO">Clicking element '//android.widget.Button[@resource-id="com.example.myapplication:id/search_flight"]'.</msg>
<msg time="2024-05-30T12:41:11.398013" level="INFO">xpath criteria: //android.widget.Button[@resource-id="com.example.myapplication:id/search_flight"]</msg>
<arg>locator=//android.widget.Button[@resource-id="com.example.myapplication:id/search_flight"]</arg>
<doc>Click element identified by `locator`.</doc>
<status status="PASS" start="2024-05-30T12:41:11.297673" elapsed="0.101387"/>
</kw>
<status status="PASS" start="2024-05-30T12:41:11.225147" elapsed="0.173913"/>
</kw>
<arg>username=support@ngendigital.com</arg>
<arg>password=abc123</arg>
<status status="PASS" start="2024-05-30T12:41:07.353184" elapsed="4.045876"/>
</kw>
<arg>Open Flight Application</arg>
<arg>AND</arg>
<arg>Login To Test Search Menu</arg>
<arg>username=support@ngendigital.com</arg>
<arg>password=abc123</arg>
<doc>Executes all the given keywords in a sequence.</doc>
<status status="PASS" start="2024-05-30T12:41:00.697052" elapsed="10.702008"/>
</kw>
<kw name="Input Flight Number" owner="searchPage">
<kw name="Wait Until Element Is Visible" owner="AppiumLibrary">
<msg time="2024-05-30T12:41:12.487969" level="INFO">xpath criteria: //android.widget.EditText[@resource-id="com.example.myapplication:id/flight_number"]
xpath criteria: //android.widget.EditText[@resource-id="com.example.myapplication:id/flight_number"]</msg>
<arg>locator=${flightnumber_input}</arg>
<doc>Waits until element specified with `locator` is visible.</doc>
<status status="PASS" start="2024-05-30T12:41:11.400692" elapsed="1.087277"/>
</kw>
<kw name="Input Text" owner="AppiumLibrary">
<msg time="2024-05-30T12:41:12.492149" level="INFO">Typing text '' into text field '//android.widget.EditText[@resource-id="com.example.myapplication:id/flight_number"]'</msg>
<msg time="2024-05-30T12:41:12.562541" level="INFO">xpath criteria: //android.widget.EditText[@resource-id="com.example.myapplication:id/flight_number"]</msg>
<arg>locator=${flightnumber_input}</arg>
<arg>text=${flightnumber}</arg>
<doc>Types the given `text` into text field identified by `locator`.</doc>
<status status="PASS" start="2024-05-30T12:41:12.488484" elapsed="0.074057"/>
</kw>
<arg>${EMPTYFLIGHTNUMBER}</arg>
<status status="PASS" start="2024-05-30T12:41:11.399060" elapsed="1.164927"/>
</kw>
<kw name="Click Search Button On Searh Page" owner="searchPage">
<kw name="Click Element" owner="AppiumLibrary">
<msg time="2024-05-30T12:41:12.565497" level="INFO">Clicking element '//android.widget.Button[@resource-id="com.example.myapplication:id/searchFlight"]'.</msg>
<msg time="2024-05-30T12:41:13.148661" level="INFO">xpath criteria: //android.widget.Button[@resource-id="com.example.myapplication:id/searchFlight"]</msg>
<arg>locator=${searchflightnumber_btn}</arg>
<doc>Click element identified by `locator`.</doc>
<status status="PASS" start="2024-05-30T12:41:12.564493" elapsed="0.584168"/>
</kw>
<status status="PASS" start="2024-05-30T12:41:12.563987" elapsed="0.585787"/>
</kw>
<kw name="Wait Until Page Contains" owner="AppiumLibrary">
<arg>${ALERT_TEXT}</arg>
<doc>Waits until `text` appears on current page.</doc>
<status status="PASS" start="2024-05-30T12:41:13.149774" elapsed="0.092747"/>
</kw>
<kw name="Close Flight Application" owner="base" type="TEARDOWN">
<kw name="Close Application" owner="AppiumLibrary">
<doc>Closes the current application and also close webdriver session.</doc>
<status status="PASS" start="2024-05-30T12:41:13.242521" elapsed="0.554140"/>
</kw>
<status status="PASS" start="2024-05-30T12:41:13.242521" elapsed="0.554140"/>
</kw>
<status status="PASS" start="2024-05-30T12:41:00.697052" elapsed="13.102131"/>
</test>
<status status="PASS" start="2024-05-30T12:40:14.467863" elapsed="59.334929"/>
</suite>
<statistics>
<total>
<stat pass="4" fail="0" skip="0">All Tests</stat>
</total>
<tag>
</tag>
<suite>
<stat pass="4" fail="0" skip="0" id="s1" name="Search">Search</stat>
</suite>
</statistics>
<errors>
</errors>
</robot>
